2021-12-23 21:43:21.240  INFO 18676 --- [main] com.example.demo.Demo1Application        : Starting Demo1Application using Java 16.0.2 on LAPTOP-L7C3DHUL with PID 18676 (C:\Users\Gunda Sreedhar\Documents\workspace-spring-tool-suite-4-4.12.0.RELEASE\demo-1\target\classes started by Gunda Sreedhar in C:\Users\Gunda Sreedhar\Documents\workspace-spring-tool-suite-4-4.12.0.RELEASE\demo-1)
2021-12-23 21:43:21.246  INFO 18676 --- [main] com.example.demo.Demo1Application        : No active profile set, falling back to default profiles: default
2021-12-23 21:43:21.875  INFO 18676 --- [main] .s.d.r.c.RepositoryConfigurationDelegate : Bootstrapping Spring Data JPA repositories in DEFAULT mode.
2021-12-23 21:43:21.937  INFO 18676 --- [main] .s.d.r.c.RepositoryConfigurationDelegate : Finished Spring Data repository scanning in 54 ms. Found 4 JPA repository interfaces.
2021-12-23 21:43:22.628  INFO 18676 --- [main] o.s.b.w.embedded.tomcat.TomcatWebServer  : Tomcat initialized with port(s): 8080 (http)
2021-12-23 21:43:22.641  INFO 18676 --- [main] o.apache.catalina.core.StandardService   : Starting service [Tomcat]
2021-12-23 21:43:22.642  INFO 18676 --- [main] org.apache.catalina.core.StandardEngine  : Starting Servlet engine: [Apache Tomcat/9.0.54]
2021-12-23 21:43:22.740  INFO 18676 --- [main] o.a.c.c.C.[Tomcat].[localhost].[/]       : Initializing Spring embedded WebApplicationContext
2021-12-23 21:43:22.740  INFO 18676 --- [main] w.s.c.ServletWebServerApplicationContext : Root WebApplicationContext: initialization completed in 1350 ms
2021-12-23 21:43:22.839  INFO 18676 --- [main] com.zaxxer.hikari.HikariDataSource       : HikariPool-1 - Starting...
2021-12-23 21:43:23.297  INFO 18676 --- [main] com.zaxxer.hikari.HikariDataSource       : HikariPool-1 - Start completed.
2021-12-23 21:43:23.347  INFO 18676 --- [main] o.hibernate.jpa.internal.util.LogHelper  : HHH000204: Processing PersistenceUnitInfo [name: default]
2021-12-23 21:43:23.411  INFO 18676 --- [main] org.hibernate.Version                    : HHH000412: Hibernate ORM core version 5.4.32.Final
2021-12-23 21:43:23.616  INFO 18676 --- [main] o.hibernate.annotations.common.Version   : HCANN000001: Hibernate Commons Annotations {5.1.2.Final}
2021-12-23 21:43:23.735  INFO 18676 --- [main] org.hibernate.dialect.Dialect            : HHH000400: Using dialect: org.hibernate.dialect.MySQL57Dialect
2021-12-23 21:43:24.424  INFO 18676 --- [main] o.h.e.t.j.p.i.JtaPlatformInitiator       : HHH000490: Using JtaPlatform implementation: [org.hibernate.engine.transaction.jta.platform.internal.NoJtaPlatform]
2021-12-23 21:43:24.436  INFO 18676 --- [main] j.LocalContainerEntityManagerFactoryBean : Initialized JPA EntityManagerFactory for persistence unit 'default'
2021-12-23 21:43:24.887  WARN 18676 --- [main] JpaBaseConfiguration$JpaWebConfiguration : spring.jpa.open-in-view is enabled by default. Therefore, database queries may be performed during view rendering. Explicitly configure spring.jpa.open-in-view to disable this warning
2021-12-23 21:43:25.281  INFO 18676 --- [main] o.s.b.w.embedded.tomcat.TomcatWebServer  : Tomcat started on port(s): 8080 (http) with context path ''
2021-12-23 21:43:25.302  INFO 18676 --- [main] com.example.demo.Demo1Application        : Started Demo1Application in 4.417 seconds (JVM running for 5.47)
2021-12-23 21:44:34.066  INFO 18676 --- [http-nio-8080-exec-2] o.a.c.c.C.[Tomcat].[localhost].[/]       : Initializing Spring DispatcherServlet 'dispatcherServlet'
2021-12-23 21:44:34.066  INFO 18676 --- [http-nio-8080-exec-2] o.s.web.servlet.DispatcherServlet        : Initializing Servlet 'dispatcherServlet'
2021-12-23 21:44:34.069  INFO 18676 --- [http-nio-8080-exec-2] o.s.web.servlet.DispatcherServlet        : Completed initialization in 3 ms
2021-12-23 21:44:53.851  WARN 18676 --- [http-nio-8080-exec-3] .w.s.m.s.DefaultHandlerExceptionResolver : Resolved [org.springframework.web.HttpRequestMethodNotSupportedException: Request method 'DELETE' not supported]
2021-12-23 23:19:53.566  INFO 18676 --- [RMI TCP Connection(101)-127.0.0.1] inMXBeanRegistrar$SpringApplicationAdmin : Application shutdown requested.
2021-12-23 23:19:53.585  INFO 18676 --- [RMI TCP Connection(101)-127.0.0.1] j.LocalContainerEntityManagerFactoryBean : Closing JPA EntityManagerFactory for persistence unit 'default'
2021-12-23 23:19:53.587  INFO 18676 --- [RMI TCP Connection(101)-127.0.0.1] com.zaxxer.hikari.HikariDataSource       : HikariPool-1 - Shutdown initiated...
2021-12-23 23:19:53.590  INFO 18676 --- [RMI TCP Connection(101)-127.0.0.1] com.zaxxer.hikari.HikariDataSource       : HikariPool-1 - Shutdown completed.
